<?xml version="1.0" encoding="UTF-8" ?>
<testsuite errors="0" failures="0" hostname="sami-laptop" name="com.flatironschool.javacs.WikiPhilosophyTest" skipped="0" tests="1" time="11.619" timestamp="2016-07-13T22:09:56">
  <properties>
    <property name="java.vendor" value="Oracle Corporation" />
    <property name="env.rvm_ruby_bits" value="" />
    <property name="sun.java.launcher" value="SUN_STANDARD" />
    <property name="env.XPC_SERVICE_NAME" value="0" />
    <property name="sun.management.compiler" value="HotSpot 64-Bit Tiered Compilers" />
    <property name="env._system_arch" value="x86_64" />
    <property name="env.rvm_silent_flag" value="" />
    <property name="env.GEM_HOME" value="/Users/nyerunkar/.rvm/gems/ruby-2.3.0" />
    <property name="os.name" value="Mac OS X" />
    <property name="env.rvm_gemstone_package_file" value="" />
    <property name="env.rvm_quiet_flag" value="" />
    <property name="sun.boot.class.path" value="/Library/Java/JavaVirtualMachines/jdk1.8.0_25.jdk/Contents/Home/jre/lib/resources.jar:/Library/Java/JavaVirtualMachines/jdk1.8.0_25.jdk/Contents/Home/jre/lib/rt.jar:/Library/Java/JavaVirtualMachines/jdk1.8.0_25.jdk/Contents/Home/jre/lib/sunrsasign.jar:/Library/Java/JavaVirtualMachines/jdk1.8.0_25.jdk/Contents/Home/jre/lib/jsse.jar:/Library/Java/JavaVirtualMachines/jdk1.8.0_25.jdk/Contents/Home/jre/lib/jce.jar:/Library/Java/JavaVirtualMachines/jdk1.8.0_25.jdk/Contents/Home/jre/lib/charsets.jar:/Library/Java/JavaVirtualMachines/jdk1.8.0_25.jdk/Contents/Home/jre/lib/jfr.jar:/Library/Java/JavaVirtualMachines/jdk1.8.0_25.jdk/Contents/Home/jre/classes" />
    <property name="env.TMPDIR" value="/var/folders/nn/zt7v34r14kjb571qr7zql4v00000gq/T/" />
    <property name="env.PWD" value="/Users/nyerunkar/codeU/cs-wikipedia-philosophy-lab-codeU" />
    <property name="env.rvm_ruby_make" value="" />
    <property name="env.rvm_ruby_make_install" value="" />
    <property name="env.rvm_proxy" value="" />
    <property name="env.LESS" value="-R" />
    <property name="java.vm.specification.vendor" value="Oracle Corporation" />
    <property name="ant.home" value="/usr/local/Cellar/ant/1.9.6/libexec" />
    <property name="java.runtime.version" value="1.8.0_25-b17" />
    <property name="env.MY_RUBY_HOME" value="/Users/nyerunkar/.rvm/rubies/ruby-2.3.0" />
    <property name="env.Apple_PubSub_Socket_Render" value="/private/tmp/com.apple.launchd.GpgZy1VKtx/Render" />
    <property name="env.DISPLAY" value="/private/tmp/com.apple.launchd.SNMJIX3cg4/org.macosforge.xquartz:0" />
    <property name="env.rvm_version" value="1.26.11 (latest)" />
    <property name="user.name" value="nyerunkar" />
    <property name="env.USER" value="nyerunkar" />
    <property name="env.SHELL" value="/bin/zsh" />
    <property name="env.__CF_USER_TEXT_ENCODING" value="0x1F7:0x0:0x0" />
    <property name="env._system_type" value="Darwin" />
    <property name="env.PATH" value="/Users/nyerunkar/.rvm/gems/ruby-2.3.0/bin:/Users/nyerunkar/.rvm/gems/ruby-2.3.0@global/bin:/Users/nyerunkar/.rvm/rubies/ruby-2.3.0/bin:/Applications/IMOD/bin:/usr/local/bin:/usr/bin:/bin:/usr/sbin:/sbin:/opt/X11/bin:/usr/local/git/bin:/usr/texbin:/Users/nyerunkar/.rvm/bin" />
    <property name="user.language" value="en" />
    <property name="env.rvm_prefix" value="/Users/nyerunkar" />
    <property name="sun.boot.library.path" value="/Library/Java/JavaVirtualMachines/jdk1.8.0_25.jdk/Contents/Home/jre/lib" />
    <property name="env.rvm_docs_type" value="" />
    <property name="ant.project.default-target" value="build" />
    <property name="env.XPC_FLAGS" value="0x0" />
    <property name="ant.project.name" value="JavaCS" />
    <property name="env.rvm_path" value="/Users/nyerunkar/.rvm" />
    <property name="env.LC_CTYPE" value="en_US.UTF-8" />
    <property name="env.RUBY_VERSION" value="ruby-2.3.0" />
    <property name="java.version" value="1.8.0_25" />
    <property name="env.JAVA_MAIN_CLASS_25420" value="org.apache.tools.ant.launch.Launcher" />
    <property name="user.timezone" value="America/Los_Angeles" />
    <property name="sun.arch.data.model" value="64" />
    <property name="env._system_name" value="OSX" />
    <property name="http.nonProxyHosts" value="local|*.local|169.254/16|*.169.254/16" />
    <property name="java.endorsed.dirs" value="/Library/Java/JavaVirtualMachines/jdk1.8.0_25.jdk/Contents/Home/jre/lib/endorsed" />
    <property name="sun.cpu.isalist" value="" />
    <property name="sun.jnu.encoding" value="UTF-8" />
    <property name="env.rvm_bin_path" value="/Users/nyerunkar/.rvm/bin" />
    <property name="file.encoding.pkg" value="sun.io" />
    <property name="env.SHLVL" value="3" />
    <property name="env.rvm_alias_expanded" value="" />
    <property name="file.separator" value="/" />
    <property name="env._system_version" value="10.11" />
    <property name="java.specification.name" value="Java Platform API Specification" />
    <property name="java.class.version" value="52.0" />
    <property name="user.country" value="US" />
    <property name="ant.file.JavaCS" value="/Users/nyerunkar/codeU/cs-wikipedia-philosophy-lab-codeU/javacs-lab05/build.xml" />
    <property name="env.rvm_sdk" value="" />
    <property name="java.home" value="/Library/Java/JavaVirtualMachines/jdk1.8.0_25.jdk/Contents/Home/jre" />
    <property name="env.ZSH" value="/Users/nyerunkar/.oh-my-zsh" />
    <property name="java.vm.info" value="mixed mode" />
    <property name="env.LOGNAME" value="nyerunkar" />
    <property name="ant.file" value="/Users/nyerunkar/codeU/cs-wikipedia-philosophy-lab-codeU/javacs-lab05/build.xml" />
    <property name="os.version" value="10.11.5" />
    <property name="env.rvm_hook" value="" />
    <property name="env.rvm_use_flag" value="" />
    <property name="env.rvm_only_path_flag" value="" />
    <property name="path.separator" value=":" />
    <property name="env._ORIGINAL_GEM_PATH" value="/Users/nyerunkar/.rvm/gems/ruby-2.3.0:/Users/nyerunkar/.rvm/gems/ruby-2.3.0@global" />
    <property name="java.vm.version" value="25.25-b02" />
    <property name="ant.library.dir" value="/usr/local/Cellar/ant/1.9.6/libexec/lib" />
    <property name="env.rvm_ruby_file" value="" />
    <property name="junit.output.dir" value="junit" />
    <property name="env.IRBRC" value="/Users/nyerunkar/.rvm/rubies/ruby-2.3.0/.irbrc" />
    <property name="env.TERM" value="xterm-256color" />
    <property name="java.awt.printerjob" value="sun.lwawt.macosx.CPrinterJob" />
    <property name="sun.io.unicode.encoding" value="UnicodeBig" />
    <property name="env.rvm_nightly_flag" value="" />
    <property name="awt.toolkit" value="sun.lwawt.macosx.LWCToolkit" />
    <property name="socksNonProxyHosts" value="local|*.local|169.254/16|*.169.254/16" />
    <property name="env.LSCOLORS" value="Gxfxcxdxbxegedabagacad" />
    <property name="ftp.nonProxyHosts" value="local|*.local|169.254/16|*.169.254/16" />
    <property name="env.GEM_PATH" value="/Users/nyerunkar/.rvm/gems/ruby-2.3.0:/Users/nyerunkar/.rvm/gems/ruby-2.3.0@global" />
    <property name="target" value="1.7" />
    <property name="user.home" value="/Users/nyerunkar" />
    <property name="java.specification.vendor" value="Oracle Corporation" />
    <property name="env.PAGER" value="less" />
    <property name="java.library.path" value="/Users/nyerunkar/Library/Java/Extensions:/Library/Java/Extensions:/Network/Library/Java/Extensions:/System/Library/Java/Extensions:/usr/lib/java:." />
    <property name="java.vendor.url" value="http://java.oracle.com/" />
    <property name="gopherProxySet" value="false" />
    <property name="java.vm.vendor" value="Oracle Corporation" />
    <property name="java.runtime.name" value="Java(TM) SE Runtime Environment" />
    <property name="ant.version" value="Apache Ant(TM) version 1.9.6 compiled on June 29 2015" />
    <property name="sun.java.command" value="org.apache.tools.ant.taskdefs.optional.junit.JUnitTestRunner com.flatironschool.javacs.WikiPhilosophyTest skipNonTests=false filtertrace=true haltOnError=false haltOnFailure=false formatter=org.apache.tools.ant.taskdefs.optional.junit.OutErrSummaryJUnitResultFormatter showoutput=false outputtoformatters=true logfailedtests=true threadid=0 logtestlistenerevents=false formatter=org.apache.tools.ant.taskdefs.optional.junit.XMLJUnitResultFormatter,/Users/nyerunkar/codeU/cs-wikipedia-philosophy-lab-codeU/javacs-lab05/junit/TEST-com.flatironschool.javacs.WikiPhilosophyTest.xml formatter=org.apache.tools.ant.taskdefs.optional.junit.PlainJUnitResultFormatter crashfile=/Users/nyerunkar/codeU/cs-wikipedia-philosophy-lab-codeU/javacs-lab05/junitvmwatcher7928505536542625420.properties propsfile=/Users/nyerunkar/codeU/cs-wikipedia-philosophy-lab-codeU/javacs-lab05/junit7649018073918227995.properties" />
    <property name="java.class.path" value="/Users/nyerunkar/codeU/cs-wikipedia-philosophy-lab-codeU/javacs-lab05/bin:/Users/nyerunkar/codeU/cs-wikipedia-philosophy-lab-codeU/javacs-lab05/lib/jsoup-1.8.3.jar:/Users/nyerunkar/codeU/cs-wikipedia-philosophy-lab-codeU/javacs-lab05/lib/junit-4.12.jar:/Users/nyerunkar/codeU/cs-wikipedia-philosophy-lab-codeU/javacs-lab05/lib/hamcrest-core-1.3.jar:/usr/local/Cellar/ant/1.9.6/libexec/lib/ant-launcher.jar:/usr/local/Cellar/ant/1.9.6/libexec/lib/ant.jar:/usr/local/Cellar/ant/1.9.6/libexec/lib/ant-junit.jar:/usr/local/Cellar/ant/1.9.6/libexec/lib/ant-junit4.jar" />
    <property name="ant.file.type.JavaCS" value="file" />
    <property name="java.vm.specification.name" value="Java Virtual Machine Specification" />
    <property name="ant.file.type" value="file" />
    <property name="java.vm.specification.version" value="1.8" />
    <property name="sun.cpu.endian" value="little" />
    <property name="sun.os.patch.level" value="unknown" />
    <property name="env.HOME" value="/Users/nyerunkar" />
    <property name="debuglevel" value="source,lines,vars" />
    <property name="java.io.tmpdir" value="/var/folders/nn/zt7v34r14kjb571qr7zql4v00000gq/T/" />
    <property name="java.vendor.url.bug" value="http://bugreport.sun.com/bugreport/" />
    <property name="env.SSH_AUTH_SOCK" value="/private/tmp/com.apple.launchd.ce5ZC8jmHx/Listeners" />
    <property name="env.rvm_script_name" value="" />
    <property name="env.rvm_ruby_mode" value="" />
    <property name="env.rvm_wrapper_name" value="" />
    <property name="java.awt.graphicsenv" value="sun.awt.CGraphicsEnvironment" />
    <property name="os.arch" value="x86_64" />
    <property name="java.ext.dirs" value="/Users/nyerunkar/Library/Java/Extensions:/Library/Java/JavaVirtualMachines/jdk1.8.0_25.jdk/Contents/Home/jre/lib/ext:/Library/Java/Extensions:/Network/Library/Java/Extensions:/System/Library/Java/Extensions:/usr/lib/java" />
    <property name="env.rvm_bin_flag" value="" />
    <property name="user.dir" value="/Users/nyerunkar/codeU/cs-wikipedia-philosophy-lab-codeU" />
    <property name="line.separator" value="&#xa;" />
    <property name="java.vm.name" value="Java HotSpot(TM) 64-Bit Server VM" />
    <property name="basedir" value="/Users/nyerunkar/codeU/cs-wikipedia-philosophy-lab-codeU/javacs-lab05" />
    <property name="ant.java.version" value="1.8" />
    <property name="ant.core.lib" value="/usr/local/Cellar/ant/1.9.6/libexec/lib/ant.jar" />
    <property name="source" value="1.7" />
    <property name="file.encoding" value="UTF-8" />
    <property name="java.specification.version" value="1.8" />
    <property name="env.rvm_niceness" value="" />
    <property name="ant.project.invoked-targets" value="test" />
    <property name="env.rvm_gemstone_url" value="" />
  </properties>
  <testcase classname="com.flatironschool.javacs.WikiPhilosophyTest" name="testMain" time="11.574" />
  <system-out><![CDATA[New URL: /wiki/Programming_language
New URL: /wiki/Formal_language
New URL: /wiki/Mathematics
New URL: /wiki/Quantity
New URL: /wiki/Property_(philosophy)
New URL: /wiki/Philosophy
Number of clicks: 6
]]></system-out>
  <system-err><![CDATA[]]></system-err>
</testsuite>
